# JRE version: OpenJDK Runtime Environment (11.0.10) (build 11.0.10+0-b96-7249189)
# Java VM: OpenJDK 64-Bit Server VM (11.0.10+0-b96-7249189, mixed mode, tiered, compressed oops, g1 gc, windows-amd64)
Heap:
 garbage-first heap   total 262144K, used 134396K [0x0000000080000000, 0x0000000100000000)
  region size 1024K, 71 young (72704K), 14 survivors (14336K)
 Metaspace       used 88654K, capacity 90921K, committed 91008K, reserved 1128448K
  class space    used 11402K, capacity 12200K, committed 12236K, reserved 1048576K
GC Heap History (20 events):
Event: 3.944 GC heap before
{Heap before GC invocations=3 (full 0):
 garbage-first heap   total 262144K, used 79779K [0x0000000080000000, 0x0000000100000000)
  region size 1024K, 72 young (73728K), 4 survivors (4096K)
 Metaspace       used 20629K, capacity 21118K, committed 21248K, reserved 1067008K
  class space    used 2521K, capacity 2720K, committed 2816K, reserved 1048576K
}
Event: 3.957 GC heap after
{Heap after GC invocations=4 (full 0):
 garbage-first heap   total 262144K, used 16415K [0x0000000080000000, 0x0000000100000000)
  region size 1024K, 9 young (9216K), 9 survivors (9216K)
 Metaspace       used 20629K, capacity 21118K, committed 21248K, reserved 1067008K
  class space    used 2521K, capacity 2720K, committed 2816K, reserved 1048576K
}
Event: 9.077 GC heap before
{Heap before GC invocations=5 (full 0):
 garbage-first heap   total 262144K, used 124959K [0x0000000080000000, 0x0000000100000000)
  region size 1024K, 116 young (118784K), 9 survivors (9216K)
 Metaspace       used 34801K, capacity 35638K, committed 35840K, reserved 1081344K
  class space    used 4538K, capacity 4864K, committed 4864K, reserved 1048576K
}
Event: 9.096 GC heap after
{Heap after GC invocations=6 (full 0):
 garbage-first heap   total 262144K, used 21786K [0x0000000080000000, 0x0000000100000000)
  region size 1024K, 13 young (13312K), 13 survivors (13312K)
 Metaspace       used 34801K, capacity 35638K, committed 35840K, reserved 1081344K
  class space    used 4538K, capacity 4864K, committed 4864K, reserved 1048576K
}
Event: 9.136 GC heap before
{Heap before GC invocations=6 (full 0):
 garbage-first heap   total 262144K, used 22810K [0x0000000080000000, 0x0000000100000000)
  region size 1024K, 15 young (15360K), 13 survivors (13312K)
 Metaspace       used 35041K, capacity 35830K, committed 35840K, reserved 1081344K
  class space    used 4543K, capacity 4864K, committed 4864K, reserved 1048576K
}
Event: 9.154 GC heap after
{Heap after GC invocations=7 (full 0):
 garbage-first heap   total 262144K, used 22096K [0x0000000080000000, 0x0000000100000000)
  region size 1024K, 6 young (6144K), 6 survivors (6144K)
 Metaspace       used 35041K, capacity 35830K, committed 35840K, reserved 1081344K
  class space    used 4543K, capacity 4864K, committed 4864K, reserved 1048576K
}
Event: 11.650 GC heap before
{Heap before GC invocations=8 (full 0):
 garbage-first heap   total 262144K, used 138832K [0x0000000080000000, 0x0000000100000000)
  region size 1024K, 117 young (119808K), 6 survivors (6144K)
 Metaspace       used 43947K, capacity 45064K, committed 45260K, reserved 1089536K
  class space    used 5643K, capacity 6034K, committed 6092K, reserved 1048576K
}
Event: 11.669 GC heap after
{Heap after GC invocations=9 (full 0):
 garbage-first heap   total 262144K, used 28798K [0x0000000080000000, 0x0000000100000000)
  region size 1024K, 13 young (13312K), 13 survivors (13312K)
 Metaspace       used 43947K, capacity 45064K, committed 45260K, reserved 1089536K
  class space    used 5643K, capacity 6034K, committed 6092K, reserved 1048576K
}
Event: 17.978 GC heap before
{Heap before GC invocations=9 (full 0):
 garbage-first heap   total 262144K, used 168062K [0x0000000080000000, 0x0000000100000000)
  region size 1024K, 142 young (145408K), 13 survivors (13312K)
 Metaspace       used 56394K, capacity 57801K, committed 57932K, reserved 1099776K
  class space    used 7166K, capacity 7696K, committed 7756K, reserved 1048576K
}
Event: 18.013 GC heap after
{Heap after GC invocations=10 (full 0):
 garbage-first heap   total 262144K, used 46988K [0x0000000080000000, 0x0000000100000000)
  region size 1024K, 18 young (18432K), 18 survivors (18432K)
 Metaspace       used 56394K, capacity 57801K, committed 57932K, reserved 1099776K
  class space    used 7166K, capacity 7696K, committed 7756K, reserved 1048576K
}
Event: 18.877 GC heap before
{Heap before GC invocations=10 (full 0):
 garbage-first heap   total 262144K, used 57228K [0x0000000080000000, 0x0000000100000000)
  region size 1024K, 29 young (29696K), 18 survivors (18432K)
 Metaspace       used 58584K, capacity 60105K, committed 60288K, reserved 1101824K
  class space    used 7433K, capacity 8038K, committed 8140K, reserved 1048576K
}
Event: 18.907 GC heap after
{Heap after GC invocations=11 (full 0):
 garbage-first heap   total 262144K, used 49252K [0x0000000080000000, 0x0000000100000000)
  region size 1024K, 3 young (3072K), 3 survivors (3072K)
 Metaspace       used 58584K, capacity 60105K, committed 60288K, reserved 1101824K
  class space    used 7433K, capacity 8038K, committed 8140K, reserved 1048576K
}
Event: 22.474 GC heap before
{Heap before GC invocations=12 (full 0):
 garbage-first heap   total 262144K, used 161892K [0x0000000080000000, 0x0000000100000000)
  region size 1024K, 113 young (115712K), 3 survivors (3072K)
 Metaspace       used 65871K, capacity 67541K, committed 67840K, reserved 1107968K
  class space    used 8342K, capacity 8963K, committed 9036K, reserved 1048576K
}
Event: 22.500 GC heap after
{Heap after GC invocations=13 (full 0):
 garbage-first heap   total 262144K, used 56373K [0x0000000080000000, 0x0000000100000000)
  region size 1024K, 10 young (10240K), 10 survivors (10240K)
 Metaspace       used 65871K, capacity 67541K, committed 67840K, reserved 1107968K
  class space    used 8342K, capacity 8963K, committed 9036K, reserved 1048576K
}
Event: 27.448 GC heap before
{Heap before GC invocations=14 (full 0):
 garbage-first heap   total 262144K, used 172085K [0x0000000080000000, 0x0000000100000000)
  region size 1024K, 123 young (125952K), 10 survivors (10240K)
 Metaspace       used 78495K, capacity 80263K, committed 80512K, reserved 1118208K
  class space    used 10197K, capacity 10892K, committed 10956K, reserved 1048576K
}
Event: 27.492 GC heap after
{Heap after GC invocations=15 (full 0):
 garbage-first heap   total 262144K, used 63882K [0x0000000080000000, 0x0000000100000000)
  region size 1024K, 8 young (8192K), 8 survivors (8192K)
 Metaspace       used 78495K, capacity 80263K, committed 80512K, reserved 1118208K
  class space    used 10197K, capacity 10892K, committed 10956K, reserved 1048576K
}
Event: 31.891 GC heap before
{Heap before GC invocations=15 (full 0):
 garbage-first heap   total 262144K, used 180618K [0x0000000080000000, 0x0000000100000000)
  region size 1024K, 123 young (125952K), 8 survivors (8192K)
 Metaspace       used 82361K, capacity 84425K, committed 84736K, reserved 1122304K
  class space    used 10687K, capacity 11479K, committed 11596K, reserved 1048576K
}
Event: 31.918 GC heap after
{Heap after GC invocations=16 (full 0):
 garbage-first heap   total 262144K, used 72022K [0x0000000080000000, 0x0000000100000000)
  region size 1024K, 16 young (16384K), 16 survivors (16384K)
 Metaspace       used 82361K, capacity 84425K, committed 84736K, reserved 1122304K
  class space    used 10687K, capacity 11479K, committed 11596K, reserved 1048576K
}
Event: 37.789 GC heap before
{Heap before GC invocations=16 (full 0):
 garbage-first heap   total 262144K, used 187734K [0x0000000080000000, 0x0000000100000000)
  region size 1024K, 130 young (133120K), 16 survivors (16384K)
 Metaspace       used 85901K, capacity 88027K, committed 88192K, reserved 1126400K
  class space    used 11086K, capacity 11874K, committed 11980K, reserved 1048576K
}
Event: 37.823 GC heap after
{Heap after GC invocations=17 (full 0):
 garbage-first heap   total 262144K, used 77052K [0x0000000080000000, 0x0000000100000000)
  region size 1024K, 14 young (14336K), 14 survivors (14336K)
 Metaspace       used 85901K, capacity 88027K, committed 88192K, reserved 1126400K
  class space    used 11086K, capacity 11874K, committed 11980K, reserved 1048576K
}

